<?xml version="1.0" encoding="UTF-8"?>
<testng-results ignored="0" total="2" passed="2" failed="0" skipped="0">
  <reporter-output>
  </reporter-output>
  <suite started-at="2022-03-24T02:22:17 IST" name="Suite" finished-at="2022-03-24T02:22:33 IST" duration-ms="15355">
    <groups>
      <group name="chrome">
        <method signature="WebTest.login()[pri:0, instance:com.simplilearn.AutomateWebapplication.WebTest@795cd85e]" name="login" class="com.simplilearn.AutomateWebapplication.WebTest"/>
      </group> <!-- chrome -->
      <group name="Chrome">
        <method signature="WebTest.cart()[pri:0, instance:com.simplilearn.AutomateWebapplication.WebTest@795cd85e]" name="cart" class="com.simplilearn.AutomateWebapplication.WebTest"/>
      </group> <!-- Chrome -->
    </groups>
    <test started-at="2022-03-24T02:22:17 IST" name="Test" finished-at="2022-03-24T02:22:33 IST" duration-ms="15355">
      <class name="com.simplilearn.AutomateWebapplication.WebTest">
        <test-method signature="login()[pri:0, instance:com.simplilearn.AutomateWebapplication.WebTest@795cd85e]" started-at="2022-03-24T02:22:17 IST" name="login" finished-at="2022-03-24T02:22:24 IST" duration-ms="6576" status="PASS">
          <reporter-output>
          </reporter-output>
        </test-method> <!-- login -->
        <test-method signature="cart()[pri:0, instance:com.simplilearn.AutomateWebapplication.WebTest@795cd85e]" started-at="2022-03-24T02:22:24 IST" name="cart" finished-at="2022-03-24T02:22:33 IST" depends-on-methods="com.simplilearn.AutomateWebapplication.WebTest.login" duration-ms="8706" status="PASS">
          <reporter-output>
          </reporter-output>
        </test-method> <!-- cart -->
      </class> <!-- com.simplilearn.AutomateWebapplication.WebTest -->
    </test> <!-- Test -->
  </suite> <!-- Suite -->
</testng-results>
